Arguments: 
  /usr/local/bin/node /usr/local/Cellar/yarn/1.7.0/libexec/bin/yarn.js install

PATH: 
  /Users/user/bin:/usr/local/bin:/Users/user/.composer/vendor/bin:/usr/local/mongodb/bin:/Users/user/bin:/usr/local/bin:/Users/user/.composer/vendor/bin:/usr/local/bin:/usr/bin:/bin:/usr/sbin:/sbin:/opt/X11/bin:/Users/user/.composer/vendor/bin:/Users/user/.composer/vendor/bin

Yarn version: 
  1.7.0

Node version: 
  9.3.0

Platform: 
  darwin x64

Trace: 
  SyntaxError: /Users/user/Workspace/nodejs/newswebsite/package.json: Unexpected end of JSON input
      at JSON.parse (<anonymous>)
      at /usr/local/Cellar/yarn/1.7.0/libexec/lib/cli.js:1130:59
      at Generator.next (<anonymous>)
      at step (/usr/local/Cellar/yarn/1.7.0/libexec/lib/cli.js:98:30)
      at /usr/local/Cellar/yarn/1.7.0/libexec/lib/cli.js:109:13
      at <anonymous>

npm manifest: 
  {
    "name": "newswebsite",
    "version": "1.0.0",
    "description": "News Website",
    "main": "src/app.js",
    "author": "alfarioekaputra",
    "scripts": {
      "start": "nodemon src/app.js --exec babel-node --presets env,stage-2",
      "build": "babel src -d dist --source-maps",
      "serve": "node dist/app.js"
    },
    "keywords": [],
    "author": "",
    "license": "ISC",
    "devDependencies": {
      "babel-cli": "^6.11.4",
      "babel-preset-env": "^1.6.1",
      "babel-preset-es2015": "^6.9.0",
      "babel-preset-stage-2": "^6.11.0",
      "babel-register": "^6.11.6",
      "nodemon": "^1.10.0"
  
  }

yarn manifest: 
  No manifest

Lockfile: 
  No lockfile
